Registration success for maheshwarinarnaware@gmail.com category=Stakeholder
Registration failed: {"__all__": [{"message": "This email is already registered for the selected category.", "code": ""}]}
Registration failed: {"__all__": [{"message": "This email is already registered for the selected category.", "code": ""}]}
Registration success for rajanarnaware@gmail.com category=Scientist
Registration success for maheshwarinarnaware23@gmail.com category=Scientist
Registration failed: {"__all__": [{"message": "This email is already registered for the selected category.", "code": ""}], "captcha": [{"message": "Captcha is incorrect.", "code": ""}]}
Registration failed: {"__all__": [{"message": "This email is already registered for the selected category.", "code": ""}]}
Registration success for rajanarnaware07@gmail.com category=Researcher
Registration success for passabook100@gmail.com category=Researcher
Registration success for sanjay.bhargava89@gmail.com category=Researcher
Registration failed: {"email": [{"message": "Email must be a valid Gmail address (example@gmail.com).", "code": ""}]}
Registration failed: {"email": [{"message": "Email must be a valid Gmail address (example@gmail.com).", "code": ""}], "password": [{"message": "This field is required.", "code": "required"}], "confirm_password": [{"message": "This field is required.", "code": "required"}], "captcha": [{"message": "Captcha is incorrect.", "code": ""}]}
Registration failed: {"email": [{"message": "Email must be a valid Gmail address (example@gmail.com).", "code": ""}]}
Registration failed: {"email": [{"message": "Email must be a valid Gmail address (example@gmail.com).", "code": ""}]}
Registration failed: {"email": [{"message": "Email must be a valid Gmail address (example@gmail.com).", "code": ""}], "password": [{"message": "This field is required.", "code": "required"}], "confirm_password": [{"message": "This field is required.", "code": "required"}], "captcha": [{"message": "Captcha is incorrect.", "code": ""}]}
Registration failed: {"email": [{"message": "Email must be a valid Gmail address (example@gmail.com).", "code": ""}], "password": [{"message": "This field is required.", "code": "required"}], "confirm_password": [{"message": "This field is required.", "code": "required"}], "captcha": [{"message": "Captcha is incorrect.", "code": ""}]}
Registration failed: {"email": [{"message": "Email must be a valid Gmail address (example@gmail.com).", "code": ""}], "password": [{"message": "This field is required.", "code": "required"}], "confirm_password": [{"message": "This field is required.", "code": "required"}], "captcha": [{"message": "Captcha is incorrect.", "code": ""}]}
Registration failed: {"email": [{"message": "Email must be a valid Gmail address (example@gmail.com).", "code": ""}], "password": [{"message": "This field is required.", "code": "required"}], "confirm_password": [{"message": "This field is required.", "code": "required"}], "captcha": [{"message": "Captcha is incorrect.", "code": ""}]}
Registration failed: {"email": [{"message": "Email must be a valid Gmail address (example@gmail.com).", "code": ""}], "password": [{"message": "This field is required.", "code": "required"}], "confirm_password": [{"message": "This field is required.", "code": "required"}], "captcha": [{"message": "Captcha is incorrect.", "code": ""}]}
Registration failed: {"email": [{"message": "Email must be a valid Gmail address (example@gmail.com).", "code": ""}], "password": [{"message": "This field is required.", "code": "required"}], "confirm_password": [{"message": "This field is required.", "code": "required"}], "captcha": [{"message": "Captcha is incorrect.", "code": ""}]}
Registration failed: {"email": [{"message": "Email must be a valid Gmail address (example@gmail.com).", "code": ""}], "password": [{"message": "This field is required.", "code": "required"}], "confirm_password": [{"message": "This field is required.", "code": "required"}], "captcha": [{"message": "Captcha is incorrect.", "code": ""}]}
Registration failed: {"email": [{"message": "Email must be a valid Gmail address (example@gmail.com).", "code": ""}], "password": [{"message": "This field is required.", "code": "required"}], "confirm_password": [{"message": "This field is required.", "code": "required"}], "captcha": [{"message": "Captcha is incorrect.", "code": ""}]}
Registration failed: {"email": [{"message": "Email must be a valid Gmail address (example@gmail.com).", "code": ""}], "password": [{"message": "This field is required.", "code": "required"}], "confirm_password": [{"message": "This field is required.", "code": "required"}], "captcha": [{"message": "Captcha is incorrect.", "code": ""}]}
Registration failed: {"email": [{"message": "Email must be a valid Gmail address (example@gmail.com).", "code": ""}], "password": [{"message": "This field is required.", "code": "required"}], "confirm_password": [{"message": "This field is required.", "code": "required"}], "captcha": [{"message": "Captcha is incorrect.", "code": ""}]}
Registration failed: {"email": [{"message": "Email must be a valid Gmail address (example@gmail.com).", "code": ""}], "password": [{"message": "This field is required.", "code": "required"}], "confirm_password": [{"message": "This field is required.", "code": "required"}], "captcha": [{"message": "Captcha is incorrect.", "code": ""}]}
Registration failed: {"email": [{"message": "Email must be a valid Gmail address (example@gmail.com).", "code": ""}], "password": [{"message": "This field is required.", "code": "required"}], "confirm_password": [{"message": "This field is required.", "code": "required"}], "captcha": [{"message": "Captcha is incorrect.", "code": ""}]}
Registration failed: {"email": [{"message": "Email must be a valid Gmail address (example@gmail.com).", "code": ""}], "password": [{"message": "This field is required.", "code": "required"}], "confirm_password": [{"message": "This field is required.", "code": "required"}], "captcha": [{"message": "Captcha is incorrect.", "code": ""}]}
Registration failed: {"email": [{"message": "Email must be a valid Gmail address (example@gmail.com).", "code": ""}], "password": [{"message": "This field is required.", "code": "required"}], "confirm_password": [{"message": "This field is required.", "code": "required"}], "captcha": [{"message": "Captcha is incorrect.", "code": ""}]}
Registration failed: {"email": [{"message": "Email must be a valid Gmail address (example@gmail.com).", "code": ""}], "password": [{"message": "This field is required.", "code": "required"}], "confirm_password": [{"message": "This field is required.", "code": "required"}], "captcha": [{"message": "Captcha is incorrect.", "code": ""}]}
Registration failed: {"email": [{"message": "Email must be a valid Gmail address (example@gmail.com).", "code": ""}], "password": [{"message": "This field is required.", "code": "required"}], "confirm_password": [{"message": "This field is required.", "code": "required"}], "captcha": [{"message": "Captcha is incorrect.", "code": ""}]}
Registration failed: {"email": [{"message": "Email must be a valid Gmail address (example@gmail.com).", "code": ""}], "password": [{"message": "This field is required.", "code": "required"}], "confirm_password": [{"message": "This field is required.", "code": "required"}], "captcha": [{"message": "Captcha is incorrect.", "code": ""}]}
Registration failed: {"email": [{"message": "Email must be a valid Gmail address (example@gmail.com).", "code": ""}], "password": [{"message": "This field is required.", "code": "required"}], "confirm_password": [{"message": "This field is required.", "code": "required"}], "captcha": [{"message": "Captcha is incorrect.", "code": ""}]}
Registration failed: {"email": [{"message": "Email must be a valid Gmail address (example@gmail.com).", "code": ""}], "password": [{"message": "This field is required.", "code": "required"}], "confirm_password": [{"message": "This field is required.", "code": "required"}], "captcha": [{"message": "Captcha is incorrect.", "code": ""}]}
Registration failed: {"email": [{"message": "Email must be a valid Gmail address (example@gmail.com).", "code": ""}], "password": [{"message": "This field is required.", "code": "required"}], "confirm_password": [{"message": "This field is required.", "code": "required"}], "captcha": [{"message": "Captcha is incorrect.", "code": ""}]}
Registration failed: {"email": [{"message": "Email must be a valid Gmail address (example@gmail.com).", "code": ""}], "password": [{"message": "This field is required.", "code": "required"}], "confirm_password": [{"message": "This field is required.", "code": "required"}], "captcha": [{"message": "Captcha is incorrect.", "code": ""}]}
Registration failed: {"email": [{"message": "Email must be a valid Gmail address (example@gmail.com).", "code": ""}], "password": [{"message": "This field is required.", "code": "required"}], "confirm_password": [{"message": "This field is required.", "code": "required"}], "captcha": [{"message": "Captcha is incorrect.", "code": ""}]}
Registration failed: {"email": [{"message": "Email must be a valid Gmail address (example@gmail.com).", "code": ""}], "password": [{"message": "This field is required.", "code": "required"}], "confirm_password": [{"message": "This field is required.", "code": "required"}], "captcha": [{"message": "Captcha is incorrect.", "code": ""}]}
Registration failed: {"email": [{"message": "Email must be a valid Gmail address (example@gmail.com).", "code": ""}], "password": [{"message": "This field is required.", "code": "required"}], "confirm_password": [{"message": "This field is required.", "code": "required"}], "captcha": [{"message": "Captcha is incorrect.", "code": ""}]}
Registration failed: {"email": [{"message": "Email must be a valid Gmail address (example@gmail.com).", "code": ""}], "password": [{"message": "This field is required.", "code": "required"}], "confirm_password": [{"message": "This field is required.", "code": "required"}], "captcha": [{"message": "Captcha is incorrect.", "code": ""}]}
Registration failed: {"email": [{"message": "Email must be a valid Gmail address (example@gmail.com).", "code": ""}], "password": [{"message": "This field is required.", "code": "required"}], "confirm_password": [{"message": "This field is required.", "code": "required"}], "captcha": [{"message": "Captcha is incorrect.", "code": ""}]}
Registration failed: {"email": [{"message": "Email must be a valid Gmail address (example@gmail.com).", "code": ""}], "password": [{"message": "This field is required.", "code": "required"}], "confirm_password": [{"message": "This field is required.", "code": "required"}], "captcha": [{"message": "Captcha is incorrect.", "code": ""}]}
Registration failed: {"email": [{"message": "Email must be a valid Gmail address (example@gmail.com).", "code": ""}], "password": [{"message": "This field is required.", "code": "required"}], "confirm_password": [{"message": "This field is required.", "code": "required"}], "captcha": [{"message": "Captcha is incorrect.", "code": ""}]}
Registration failed: {"email": [{"message": "Email must be a valid Gmail address (example@gmail.com).", "code": ""}], "password": [{"message": "This field is required.", "code": "required"}], "confirm_password": [{"message": "This field is required.", "code": "required"}], "captcha": [{"message": "Captcha is incorrect.", "code": ""}]}
Registration failed: {"email": [{"message": "Email must be a valid Gmail address (example@gmail.com).", "code": ""}], "password": [{"message": "This field is required.", "code": "required"}], "confirm_password": [{"message": "This field is required.", "code": "required"}], "captcha": [{"message": "Captcha is incorrect.", "code": ""}]}
Registration failed: {"email": [{"message": "Email must be a valid Gmail address (example@gmail.com).", "code": ""}], "password": [{"message": "This field is required.", "code": "required"}], "confirm_password": [{"message": "This field is required.", "code": "required"}], "captcha": [{"message": "Captcha is incorrect.", "code": ""}]}
Registration failed: {"email": [{"message": "Email must be a valid Gmail address (example@gmail.com).", "code": ""}], "password": [{"message": "This field is required.", "code": "required"}], "confirm_password": [{"message": "This field is required.", "code": "required"}]}
Registration failed: {"email": [{"message": "Email must be a valid Gmail address (example@gmail.com).", "code": ""}], "password": [{"message": "This field is required.", "code": "required"}], "confirm_password": [{"message": "This field is required.", "code": "required"}], "captcha": [{"message": "Captcha is incorrect.", "code": ""}]}
Registration failed: {"email": [{"message": "Email must be a valid Gmail address (example@gmail.com).", "code": ""}], "password": [{"message": "This field is required.", "code": "required"}], "confirm_password": [{"message": "This field is required.", "code": "required"}], "captcha": [{"message": "Captcha is incorrect.", "code": ""}]}
Registration failed: {"email": [{"message": "Email must be a valid Gmail address (example@gmail.com).", "code": ""}], "password": [{"message": "This field is required.", "code": "required"}], "confirm_password": [{"message": "This field is required.", "code": "required"}]}
Registration success for rajnarnaware07@gmail.com category=Scientist
Registration failed: {"__all__": [{"message": "This email is already registered for the selected category.", "code": ""}]}
Registration failed: {"__all__": [{"message": "This email is already registered for the selected category.", "code": ""}], "captcha": [{"message": "Captcha is incorrect.", "code": ""}]}
Registration failed: {"__all__": [{"message": "This email is already registered for the selected category.", "code": ""}]}
Registration failed: {"captcha": [{"message": "Captcha is incorrect.", "code": ""}]}
Registration success for kaushalkolhe0603@gmail.com category=admin
Registration success for narn.manisha@gmail.com category=Researcher
Registration failed: {"__all__": [{"message": "This email is already registered for the selected category.", "code": ""}]}
Registration success for maheshwarinarnaware@gmail.com category=Researcher
